<?xml version="1.0" encoding="UTF-8"?>
<!-- Generated by org.testng.reporters.JUnitXMLReporter -->
<testsuite hostname="Sathaga" name="Post Call Tests" tests="2" failures="1" timestamp="2 May 2022 17:44:25 GMT" time="12.79" errors="0">
  <testcase name="reqresPostCall" time="9.649" classname="com.mk.tests.PostRequestTest">
    <failure type="java.lang.AssertionError" message="[Validate response time] 
Expecting actual:
  5L
to be less than:
  5L ">
      <![CDATA[java.lang.AssertionError: [Validate response time] 
Expecting actual:
  5L
to be less than:
  5L 
	at com.mk.tests.PostRequestTest.reqresPostCall(PostRequestTest.java:34)
... Removed 24 stack frames]]>
    </failure>
  </testcase> <!-- reqresPostCall -->
  <testcase name="reqresPostCall" time="2.305" classname="com.mk.tests.PostRequestTest"/>
</testsuite> <!-- Post Call Tests -->
