<?xml version="1.0" encoding="UTF-8"?>
<testsuite xmlns:xsi="http://www.w3.org/2001/XMLSchema-instance" xsi:noNamespaceSchemaLocation="https://maven.apache.org/surefire/maven-surefire-plugin/xsd/surefire-test-report-3.0.xsd" version="3.0" name="TestSuite" time="9.9" tests="2" errors="0" skipped="0" failures="0">
  <properties>
[...]
</properties>
  <testcase name="reqresPostCall[com.mk.pojos.Users@66596a88](1)" classname="com.mk.tests.PostRequestTest" time="6.536">
    <system-out><![CDATA[Request method:	POST
Request URI:	https://reqres.in/api/users
Proxy:			<none>
Request params:	<none>
Query params:	<none>
Form params:	<none>
Path params:	<none>
Headers:		Accept=*/*
				Content-Type=application/json
Cookies:		<none>
Multiparts:		<none>
Body:
{
    "name": "mrs. bo collins",
    "job": "hospitality consultant"
}
{
    "name": "mrs. bo collins",
    "job": "hospitality consultant",
    "id": "336",
    "createdAt": "2022-05-01T14:23:07.878Z"
}
mrs. bo collins
hospitality consultant
336
2022-05-01T14:23:07.878Z
]]></system-out>
  </testcase>
  <testcase name="reqresPostCall[com.mk.pojos.Users@4ffced4e](2)" classname="com.mk.tests.PostRequestTest" time="1.983">
    <system-out><![CDATA[Request method:	POST
Request URI:	https://reqres.in/api/users
Proxy:			<none>
Request params:	<none>
Query params:	<none>
Form params:	<none>
Path params:	<none>
Headers:		Accept=*/*
				Content-Type=application/json
Cookies:		<none>
Multiparts:		<none>
Body:
{
    "name": "mrs. isiah miller",
    "job": "customer it representative"
}
{
    "name": "mrs. isiah miller",
    "job": "customer it representative",
    "id": "7",
    "createdAt": "2022-05-01T14:23:10.987Z"
}
mrs. isiah miller
customer it representative
7
2022-05-01T14:23:10.987Z
]]></system-out>
  </testcase>
</testsuite>