<?xml version="1.0" encoding="UTF-8"?>
<testng-results skipped="0" failed="0" total="2" passed="2">
  <reporter-output>
  </reporter-output>
  <suite name="Suite" duration-ms="10239" started-at="2022-05-01T06:47:10Z" finished-at="2022-05-01T06:47:20Z">
    <groups>
    </groups>
    <test name="Post Call Tests" duration-ms="10239" started-at="2022-05-01T06:47:10Z" finished-at="2022-05-01T06:47:20Z">
      <class name="com.mk.tests.PostRequestTest">
        <test-method status="PASS" signature="reqresPostCall(com.mk.pojos.Users)[pri:0, instance:com.mk.tests.PostRequestTest@7c75222b]" name="reqresPostCall" duration-ms="7589" started-at="2022-05-01T12:17:10Z" data-provider="PostCallTestData" finished-at="2022-05-01T12:17:18Z">
          <params>
            <param index="0">
              <value>
                <![CDATA[com.mk.pojos.Users@705202d1]]>
              </value>
            </param>
          </params>
          <reporter-output>
          </reporter-output>
        </test-method> <!-- reqresPostCall -->
        <test-method status="PASS" signature="reqresPostCall(com.mk.pojos.Users)[pri:0, instance:com.mk.tests.PostRequestTest@7c75222b]" name="reqresPostCall" duration-ms="2174" started-at="2022-05-01T12:17:18Z" data-provider="PostCallTestData" finished-at="2022-05-01T12:17:20Z">
          <params>
            <param index="0">
              <value>
                <![CDATA[com.mk.pojos.Users@4b957db0]]>
              </value>
            </param>
          </params>
          <reporter-output>
          </reporter-output>
        </test-method> <!-- reqresPostCall -->
      </class> <!-- com.mk.tests.PostRequestTest -->
    </test> <!-- Post Call Tests -->
  </suite> <!-- Suite -->
</testng-results>
